INFO 2025-10-14 18:25:55,158 autoreload 12084 1972 Watching for file changes with StatReloader
WARNING 2025-10-14 18:25:59,845 log 12084 4040 Not Found: /
WARNING 2025-10-14 18:26:00,318 log 12084 4040 Not Found: /favicon.ico
WARNING 2025-10-14 18:26:44,875 log 12084 4040 Not Found: /api/users/
INFO 2025-10-27 10:42:52,778 autoreload 8400 5288 Watching for file changes with StatReloader
WARNING 2025-10-27 10:43:36,833 log 8400 11940 Not Found: /
WARNING 2025-10-27 10:43:37,339 log 8400 11940 Not Found: /favicon.ico
WARNING 2025-10-27 10:44:07,689 log 8400 2032 Bad Request: /api/users/login
WARNING 2025-10-27 10:46:02,415 log 8400 11744 Bad Request: /api/products/products
WARNING 2025-10-27 10:48:01,915 log 8400 1324 Not Found: /api/products/33333333-3333-3333-3333-333333333333
WARNING 2025-10-27 10:48:21,270 log 8400 1324 Not Found: /api/products/{{cfed7e2e-dec0-4480-8719-968c24ca86ce}}
WARNING 2025-10-27 10:51:30,249 log 8400 12864 Forbidden: /api/stats/paid-users
WARNING 2025-10-27 10:51:37,444 log 8400 12864 Forbidden: /api/stats/store-owners
INFO 2025-10-27 11:04:32,844 autoreload 8400 5288 D:\BinIQBackendServer\apps\promotions\models.py changed, reloading.
INFO 2025-10-27 11:04:34,470 autoreload 13280 8020 Watching for file changes with StatReloader
INFO 2025-10-27 11:05:05,732 autoreload 13280 8020 D:\BinIQBackendServer\apps\promotions\serializers.py changed, reloading.
INFO 2025-10-27 11:05:07,068 autoreload 13192 9424 Watching for file changes with StatReloader
INFO 2025-10-27 11:06:05,460 autoreload 13192 9424 D:\BinIQBackendServer\apps\promotions\views.py changed, reloading.
INFO 2025-10-27 11:06:06,865 autoreload 8944 12528 Watching for file changes with StatReloader
INFO 2025-10-27 11:07:43,646 autoreload 13184 11392 Watching for file changes with StatReloader
WARNING 2025-10-27 11:10:08,415 log 13184 7720 Forbidden: /api/promotions/AddPromotion
INFO 2025-10-27 11:16:21,274 autoreload 13184 11392 D:\BinIQBackendServer\apps\products\models.py changed, reloading.
INFO 2025-10-27 11:16:22,596 autoreload 8484 3988 Watching for file changes with StatReloader
INFO 2025-10-27 11:16:53,938 autoreload 8484 3988 D:\BinIQBackendServer\apps\products\serializers.py changed, reloading.
INFO 2025-10-27 11:16:55,336 autoreload 12484 13152 Watching for file changes with StatReloader
INFO 2025-10-27 11:17:25,411 autoreload 12484 13152 D:\BinIQBackendServer\apps\products\views.py changed, reloading.
INFO 2025-10-27 11:17:26,902 autoreload 11048 10760 Watching for file changes with StatReloader
ERROR 2025-10-27 11:20:38,485 log 11048 13000 Internal Server Error: /api/products/products
Traceback (most recent call last):
  File "D:\BinIQBackendServer\venv\lib\site-packages\django\db\backends\utils.py", line 89, in _execute
    return self.cursor.execute(sql, params)
  File "D:\BinIQBackendServer\venv\lib\site-packages\django\db\backends\sqlite3\base.py", line 328, in execute
    return super().execute(query, params)
sqlite3.OperationalError: table products_product has no column named banner

The above exception was the direct cause of the following exception:

Traceback (most recent call last):
  File "D:\BinIQBackendServer\venv\lib\site-packages\django\core\handlers\exception.py", line 55, in inner
    response = get_response(request)
  File "D:\BinIQBackendServer\venv\lib\site-packages\django\core\handlers\base.py", line 197, in _get_response
    response = wrapped_callback(request, *callback_args, **callback_kwargs)
  File "D:\BinIQBackendServer\venv\lib\site-packages\django\views\decorators\csrf.py", line 56, in wrapper_view
    return view_func(*args, **kwargs)
  File "D:\BinIQBackendServer\venv\lib\site-packages\django\views\generic\base.py", line 104, in view
    return self.dispatch(request, *args, **kwargs)
  File "D:\BinIQBackendServer\venv\lib\site-packages\rest_framework\views.py", line 509, in dispatch
    response = self.handle_exception(exc)
  File "D:\BinIQBackendServer\venv\lib\site-packages\rest_framework\views.py", line 469, in handle_exception
    self.raise_uncaught_exception(exc)
  File "D:\BinIQBackendServer\venv\lib\site-packages\rest_framework\views.py", line 480, in raise_uncaught_exception
    raise exc
  File "D:\BinIQBackendServer\venv\lib\site-packages\rest_framework\views.py", line 506, in dispatch
    response = handler(request, *args, **kwargs)
  File "D:\BinIQBackendServer\venv\lib\site-packages\rest_framework\generics.py", line 242, in post
    return self.create(request, *args, **kwargs)
  File "D:\BinIQBackendServer\venv\lib\site-packages\rest_framework\mixins.py", line 19, in create
    self.perform_create(serializer)
  File "D:\BinIQBackendServer\apps\products\views.py", line 27, in perform_create
    serializer.save()
  File "D:\BinIQBackendServer\venv\lib\site-packages\rest_framework\serializers.py", line 212, in save
    self.instance = self.create(validated_data)
  File "D:\BinIQBackendServer\apps\products\serializers.py", line 45, in create
    product = Product.objects.create(category=category, user=user, **validated_data)
  File "D:\BinIQBackendServer\venv\lib\site-packages\django\db\models\manager.py", line 87, in manager_method
    return getattr(self.get_queryset(), name)(*args, **kwargs)
  File "D:\BinIQBackendServer\venv\lib\site-packages\django\db\models\query.py", line 658, in create
    obj.save(force_insert=True, using=self.db)
  File "D:\BinIQBackendServer\venv\lib\site-packages\django\db\models\base.py", line 814, in save
    self.save_base(
  File "D:\BinIQBackendServer\venv\lib\site-packages\django\db\models\base.py", line 877, in save_base
    updated = self._save_table(
  File "D:\BinIQBackendServer\venv\lib\site-packages\django\db\models\base.py", line 1020, in _save_table
    results = self._do_insert(
  File "D:\BinIQBackendServer\venv\lib\site-packages\django\db\models\base.py", line 1061, in _do_insert
    return manager._insert(
  File "D:\BinIQBackendServer\venv\lib\site-packages\django\db\models\manager.py", line 87, in manager_method
    return getattr(self.get_queryset(), name)(*args, **kwargs)
  File "D:\BinIQBackendServer\venv\lib\site-packages\django\db\models\query.py", line 1805, in _insert
    return query.get_compiler(using=using).execute_sql(returning_fields)
  File "D:\BinIQBackendServer\venv\lib\site-packages\django\db\models\sql\compiler.py", line 1822, in execute_sql
    cursor.execute(sql, params)
  File "D:\BinIQBackendServer\venv\lib\site-packages\django\db\backends\utils.py", line 102, in execute
    return super().execute(sql, params)
  File "D:\BinIQBackendServer\venv\lib\site-packages\django\db\backends\utils.py", line 67, in execute
    return self._execute_with_wrappers(
  File "D:\BinIQBackendServer\venv\lib\site-packages\django\db\backends\utils.py", line 80, in _execute_with_wrappers
    return executor(sql, params, many, context)
  File "D:\BinIQBackendServer\venv\lib\site-packages\django\db\backends\utils.py", line 89, in _execute
    return self.cursor.execute(sql, params)
  File "D:\BinIQBackendServer\venv\lib\site-packages\django\db\utils.py", line 91, in __exit__
    raise dj_exc_value.with_traceback(traceback) from exc_value
  File "D:\BinIQBackendServer\venv\lib\site-packages\django\db\backends\utils.py", line 89, in _execute
    return self.cursor.execute(sql, params)
  File "D:\BinIQBackendServer\venv\lib\site-packages\django\db\backends\sqlite3\base.py", line 328, in execute
    return super().execute(query, params)
django.db.utils.OperationalError: table products_product has no column named banner
INFO 2025-10-27 11:21:27,178 autoreload 5992 8876 Watching for file changes with StatReloader
WARNING 2025-10-27 11:22:03,324 log 5992 12000 Not Found: /api/products/33333333-3333-3333-3333-333333333333
INFO 2025-11-01 11:10:04,747 autoreload 5216 13196 Watching for file changes with StatReloader
INFO 2025-11-01 11:12:54,277 autoreload 12384 12388 Watching for file changes with StatReloader
WARNING 2025-11-01 11:12:58,473 log 12384 11684 Not Found: /
WARNING 2025-11-01 11:12:59,625 log 12384 11684 Not Found: /favicon.ico
WARNING 2025-11-01 11:13:03,787 log 12384 3564 Not Found: /api/
WARNING 2025-11-01 11:14:33,409 log 12384 11372 Unauthorized: /api/analytics/user-growth
INFO 2025-11-01 11:15:37,175 autoreload 11604 5164 Watching for file changes with StatReloader
WARNING 2025-11-01 11:16:44,871 log 11604 12704 Unauthorized: /api/analytics/user-growth
WARNING 2025-11-01 11:19:00,597 log 11604 14572 Not Found: /api/location
